Using pre-set license
Built from '2020.3/staging' branch; Version is '2020.3.14f1 (d0d1bb862f9d) revision 13685179'; Using compiler version '192528614'; Build Type 'Release'
OS: 'Windows 10 Home; OS build 19043.1110; Version 2009; 64bit' Language: 'en' Physical Memory: 16246 MB
BatchMode: 1, IsHumanControllingUs: 0, StartBugReporterOnCrash: 0, Is64bit: 1, IsPro: 0

 COMMAND LINE ARGUMENTS:
C:\Program Files\Unity\Editor\Unity.exe
-adb2
-batchMode
-noUpm
-name
AssetImportWorker0
-projectPath
C:/Users/serra/OneDrive/Documentos/WiP/Frisia/Burschenkneipe/Game
-logFile
Logs/AssetImportWorker0.log
-srvPort
59607
Successfully changed project path to: C:/Users/serra/OneDrive/Documentos/WiP/Frisia/Burschenkneipe/Game
C:/Users/serra/OneDrive/Documentos/WiP/Frisia/Burschenkneipe/Game
Using Asset Import Pipeline V2.
Refreshing native plugins compatible for Editor in 45.78 ms, found 3 plugins.
Preloading 0 native plugins for Editor in 0.00 ms.
Initialize engine version: 2020.3.14f1 (d0d1bb862f9d)
[Subsystems] Discovering subsystems at path C:/Program Files/Unity/Editor/Data/Resources/UnitySubsystems
[Subsystems] Discovering subsystems at path C:/Users/serra/OneDrive/Documentos/WiP/Frisia/Burschenkneipe/Game/Assets
GfxDevice: creating device client; threaded=0
Direct3D:
    Version:  Direct3D 11.0 [level 11.1]
    Renderer: NVIDIA GeForce RTX 3070 Laptop GPU (ID=0x24dd)
    Vendor:   
    VRAM:     8044 MB
    Driver:   27.21.14.6589
Initialize mono
Mono path[0] = 'C:/Program Files/Unity/Editor/Data/Managed'
Mono path[1] = 'C:/Program Files/Unity/Editor/Data/MonoBleedingEdge/lib/mono/unityjit'
Mono config path = 'C:/Program Files/Unity/Editor/Data/MonoBleedingEdge/etc'
Using monoOptions --debugger-agent=transport=dt_socket,embedding=1,server=y,suspend=n,address=127.0.0.1:56560
Begin MonoManager ReloadAssembly
Registering precompiled unity dll's ...
Register platform support module: C:/Program Files/Unity/Editor/Data/PlaybackEngines/WindowsStandaloneSupport/UnityEditor.WindowsStandalone.Extensions.dll
Registered in 0.038502 seconds.
Native extension for WindowsStandalone target not found
Refreshing native plugins compatible for Editor in 43.74 ms, found 3 plugins.
Preloading 0 native plugins for Editor in 0.00 ms.
Mono: successfully reloaded assembly
- Completed reload, in  1.019 seconds
Domain Reload Profiling:
	ReloadAssembly (1019ms)
		BeginReloadAssembly (53ms)
			ExecutionOrderSort (0ms)
			DisableScriptedObjects (0ms)
			BackupInstance (0ms)
			ReleaseScriptingObjects (0ms)
			CreateAndSetChildDomain (1ms)
		EndReloadAssembly (387ms)
			LoadAssemblies (51ms)
			RebuildTransferFunctionScriptingTraits (0ms)
			SetupTypeCache (138ms)
			ReleaseScriptCaches (0ms)
			RebuildScriptCaches (27ms)
			SetupLoadedEditorAssemblies (158ms)
				LogAssemblyErrors (0ms)
				InitializePlatformSupportModulesInManaged (3ms)
				SetLoadedEditorAssemblies (0ms)
				RefreshPlugins (44ms)
				BeforeProcessingInitializeOnLoad (9ms)
				ProcessInitializeOnLoadAttributes (76ms)
				ProcessInitializeOnLoadMethodAttributes (25ms)
				AfterProcessingInitializeOnLoad (0ms)
				EditorAssembliesLoaded (0ms)
			ExecutionOrderSort2 (0ms)
			AwakeInstancesAfterBackupRestoration (0ms)
Platform modules already initialized, skipping
Registering precompiled user dll's ...
Registered in 0.035767 seconds.
Begin MonoManager ReloadAssembly
Native extension for WindowsStandalone target not found
Refreshing native plugins compatible for Editor in 41.60 ms, found 3 plugins.
Preloading 0 native plugins for Editor in 0.00 ms.
Mono: successfully reloaded assembly
- Completed reload, in  1.090 seconds
Domain Reload Profiling:
	ReloadAssembly (1091ms)
		BeginReloadAssembly (144ms)
			ExecutionOrderSort (0ms)
			DisableScriptedObjects (5ms)
			BackupInstance (0ms)
			ReleaseScriptingObjects (0ms)
			CreateAndSetChildDomain (16ms)
		EndReloadAssembly (886ms)
			LoadAssemblies (123ms)
			RebuildTransferFunctionScriptingTraits (0ms)
			SetupTypeCache (280ms)
			ReleaseScriptCaches (1ms)
			RebuildScriptCaches (45ms)
			SetupLoadedEditorAssemblies (337ms)
				LogAssemblyErrors (0ms)
				InitializePlatformSupportModulesInManaged (4ms)
				SetLoadedEditorAssemblies (0ms)
				RefreshPlugins (42ms)
				BeforeProcessingInitializeOnLoad (86ms)
				ProcessInitializeOnLoadAttributes (182ms)
				ProcessInitializeOnLoadMethodAttributes (18ms)
				AfterProcessingInitializeOnLoad (6ms)
				EditorAssembliesLoaded (0ms)
			ExecutionOrderSort2 (0ms)
			AwakeInstancesAfterBackupRestoration (5ms)
Platform modules already initialized, skipping
========================================================================
Worker process is ready to serve import requests
Launched and connected shader compiler UnityShaderCompiler.exe after 0.04 seconds
Refreshing native plugins compatible for Editor in 0.46 ms, found 3 plugins.
Preloading 0 native plugins for Editor in 0.00 ms.
Unloading 2266 Unused Serialized files (Serialized files now loaded: 0)
System memory in use before: 100.6 MB.
System memory in use after: 100.6 MB.

Unloading 33 unused Assets to reduce memory usage. Loaded Objects now: 2704.
Total: 2.121300 ms (FindLiveObjects: 0.236600 ms CreateObjectMapping: 0.131000 ms MarkObjects: 1.595500 ms  DeleteObjects: 0.157400 ms)

AssetImportParameters requested are different than current active one (requested -> active):
  custom:framework-win-MediaFoundation: 216162199b28c13a410421893ffa2e32 -> 
  custom:video-decoder-ogg-theora: a1e56fd34408186e4bbccfd4996cb3dc -> 
  custom:container-muxer-webm: aa71ff27fc2769a1b78a27578f13a17b -> 
  custom:container-demuxer-webm: 4f35f7cbe854078d1ac9338744f61a02 -> 
  custom:container-demuxer-ogg: 62fdf1f143b41e24485cea50d1cbac27 -> 
  custom:video-encoder-webm-vp8: eb34c28f22e8b96e1ab97ce403110664 -> 
  custom:video-decoder-webm-vp8: 9c59270c3fd7afecdb556c50c9e8de78 -> 
  custom:audio-decoder-ogg-vorbis: bf7c407c2cedff20999df2af8eb42d56 -> 
  custom:audio-encoder-webm-vorbis: bf7c407c2cedff20999df2af8eb42d56 -> 
========================================================================
Received Import Request.
  path: Assets/Photos/ios-11-earth-4k-uw.jpg
  artifactKey: Guid(5e4a44a764bb68c418cae673e06fad05) Importer(815301076,1909f56bfc062723c751e8b465ee728b)
Start importing Assets/Photos/ios-11-earth-4k-uw.jpg using Guid(5e4a44a764bb68c418cae673e06fad05) Importer(815301076,1909f56bfc062723c751e8b465ee728b)  -> (artifact id: 'd86246e1eeeec9c2746a5915f7bb62ab') in 0.089685 seconds 
  Import took 0.094611 seconds .

========================================================================
Received Import Request.
  Time since last request: 110.415293 seconds.
  path: Assets/Photos/ios-11-earth-4k-uw.png
  artifactKey: Guid(0abe29a44fe06b9418417abc4b4f562b) Importer(815301076,1909f56bfc062723c751e8b465ee728b)
Start importing Assets/Photos/ios-11-earth-4k-uw.png using Guid(0abe29a44fe06b9418417abc4b4f562b) Importer(815301076,1909f56bfc062723c751e8b465ee728b)  -> (artifact id: 'ba1b51ab982d76ea9da1af4024de6a42') in 0.029964 seconds 
  Import took 0.037112 seconds .

========================================================================
Received Import Request.
  Time since last request: 526.862737 seconds.
  path: Assets/Photos/ZirkelFrisia_white.png
  artifactKey: Guid(adbafa54a11a13f42a607dbb7f98ad24) Importer(815301076,1909f56bfc062723c751e8b465ee728b)
Start importing Assets/Photos/ZirkelFrisia_white.png using Guid(adbafa54a11a13f42a607dbb7f98ad24) Importer(815301076,1909f56bfc062723c751e8b465ee728b)  -> (artifact id: '028321b9f87b0f11b92c1fb27dd49685') in 0.014370 seconds 
  Import took 0.019931 seconds .

========================================================================
Received Import Request.
  Time since last request: 1592.022476 seconds.
  path: Assets/Photos/Intro-Burschungskneipe.png
  artifactKey: Guid(1369567ef3369c14b9894903cf43bdff) Importer(815301076,1909f56bfc062723c751e8b465ee728b)
Start importing Assets/Photos/Intro-Burschungskneipe.png using Guid(1369567ef3369c14b9894903cf43bdff) Importer(815301076,1909f56bfc062723c751e8b465ee728b)  -> (artifact id: '5dab839d58413a2b823e807f5d1b8421') in 0.017456 seconds 
  Import took 0.023409 seconds .

========================================================================
Received Import Request.
  Time since last request: 1413.150532 seconds.
  path: Assets/Assets.index
  artifactKey: Guid(08e0d24b613acb34a8e38bd8a79fb125) Importer(815301076,1909f56bfc062723c751e8b465ee728b)
Start importing Assets/Assets.index using Guid(08e0d24b613acb34a8e38bd8a79fb125) Importer(815301076,1909f56bfc062723c751e8b465ee728b)  -> (artifact id: '49cfedb84bf5fbf281775a0f6f4adf19') in 0.116484 seconds 
  Import took 0.124565 seconds .

========================================================================
Received Import Request.
  Time since last request: 37.021948 seconds.
  path: Assets/Sound_Effects/Audio_Source
  artifactKey: Guid(03e1fe50eaf0cad40b1c7adc5ee318f4) Importer(815301076,1909f56bfc062723c751e8b465ee728b)
Start importing Assets/Sound_Effects/Audio_Source using Guid(03e1fe50eaf0cad40b1c7adc5ee318f4) Importer(815301076,1909f56bfc062723c751e8b465ee728b)  -> (artifact id: 'd773dfed760163407470b7223527a1e0') in 0.005758 seconds 
  Import took 0.011014 seconds .

========================================================================
Received Import Request.
  Time since last request: 1.078107 seconds.
  path: Assets/Sound_Effects/Audio_Source/Space Station Ambience  2 hours.mp3
  artifactKey: Guid(8252cfda56c44d945b33a7de6ee74507) Importer(815301076,1909f56bfc062723c751e8b465ee728b)
Start importing Assets/Sound_Effects/Audio_Source/Space Station Ambience  2 hours.mp3 using Guid(8252cfda56c44d945b33a7de6ee74507) Importer(815301076,1909f56bfc062723c751e8b465ee728b)  -> (artifact id: 'a25af5af3ff777a88ff8926fab581de3') in 0.008227 seconds 
  Import took 0.013827 seconds .

========================================================================
Received Import Request.
  Time since last request: 0.000756 seconds.
  path: Assets/Sound_Effects/Audio_Source/Space Station Ambience  2 hours.mp3
  artifactKey: Guid(8252cfda56c44d945b33a7de6ee74507) Importer(815301076,1909f56bfc062723c751e8b465ee728b)
Start importing Assets/Sound_Effects/Audio_Source/Space Station Ambience  2 hours.mp3 using Guid(8252cfda56c44d945b33a7de6ee74507) Importer(815301076,1909f56bfc062723c751e8b465ee728b)  -> (artifact id: 'a25af5af3ff777a88ff8926fab581de3') in 0.004937 seconds 
  Import took 0.010244 seconds .

AssetImportWorkerClient::OnTransportError - code=2 error=End of file
